d:\sc\c_c++\git\dx11project\output\pdxcore\pdxcorelib\pdxsprite.obj
d:\sc\c_c++\git\dx11project\output\pdxcore\pdxcorelib\pdxstate.obj
d:\sc\c_c++\git\dx11project\output\pdxcore\pdxcorelib\pbitmap.obj
d:\sc\c_c++\git\dx11project\output\pdxcore\pdxcorelib\pinput.obj
d:\sc\c_c++\git\dx11project\output\pdxcore\pdxcorelib\pdxhelper.obj
d:\sc\c_c++\git\dx11project\output\pdxcore\pdxcorelib\pdevice.obj
d:\sc\c_c++\git\dx11project\output\pdxcore\pdxcorelib\pfreecamera.obj
d:\sc\c_c++\git\dx11project\output\pdxcore\pdxcorelib\pcollision.obj
d:\sc\c_c++\git\dx11project\output\pdxcore\pdxcorelib\pfrustum.obj
d:\sc\c_c++\git\dx11project\output\pdxcore\pdxcorelib\pcore.obj
d:\sc\c_c++\git\dx11project\output\pdxcore\pdxcorelib\pimagecontrol.obj
d:\sc\c_c++\git\dx11project\output\pdxcore\pdxcorelib\pbuttoncontrol.obj
d:\sc\c_c++\git\dx11project\output\pdxcore\pdxcorelib\pcomponentstorage.obj
d:\sc\c_c++\git\dx11project\output\pdxcore\pdxcorelib\plightobj.obj
d:\sc\c_c++\git\dx11project\output\pdxcore\pdxcorelib\pkgcobj.obj
d:\sc\c_c++\git\dx11project\output\pdxcore\pdxcorelib\pmap.obj
d:\sc\c_c++\git\dx11project\output\pdxcore\pdxcorelib\pmodel.obj
d:\sc\c_c++\git\dx11project\output\pdxcore\pdxcorelib\pmatobj.obj
d:\sc\c_c++\git\dx11project\output\pdxcore\pdxcorelib\pphysicsmodule.obj
d:\sc\c_c++\git\dx11project\output\pdxcore\pdxcorelib\pnormheightmap.obj
d:\sc\c_c++\git\dx11project\output\pdxcore\pdxcorelib\pnormalmaphelper.obj
d:\sc\c_c++\git\dx11project\output\pdxcore\pdxcorelib\psound.obj
d:\sc\c_c++\git\dx11project\output\pdxcore\pdxcorelib\pobjectinfomanager.obj
d:\sc\c_c++\git\dx11project\output\pdxcore\pdxcorelib\pselect.obj
d:\sc\c_c++\git\dx11project\output\pdxcore\pdxcorelib\psoundmgr.obj
d:\sc\c_c++\git\dx11project\output\pdxcore\pdxcorelib\pobject.obj
d:\sc\c_c++\git\dx11project\output\pdxcore\pdxcorelib\pshape.obj
d:\sc\c_c++\git\dx11project\output\pdxcore\pdxcorelib\pskmobj.obj
d:\sc\c_c++\git\dx11project\output\pdxcore\pdxcorelib\pparser.obj
d:\sc\c_c++\git\dx11project\output\pdxcore\pdxcorelib\pskybox.obj
d:\sc\c_c++\git\dx11project\output\pdxcore\pdxcorelib\ptimer.obj
d:\sc\c_c++\git\dx11project\output\pdxcore\pdxcorelib\psprite.obj
d:\sc\c_c++\git\dx11project\output\pdxcore\pdxcorelib\ptexture.obj
d:\sc\c_c++\git\dx11project\output\pdxcore\pdxcorelib\pwindow.obj
d:\sc\c_c++\git\dx11project\output\pdxcore\pdxcorelib\pspritemanager.obj
d:\sc\c_c++\git\dx11project\output\pdxcore\pdxcorelib\ptexturemanager.obj
d:\sc\c_c++\git\dx11project\output\pdxcore\pdxcorelib\puicomponent.obj
d:\sc\c_c++\git\dx11project\output\pdxcore\pdxcorelib\puidatamanager.obj
d:\sc\c_c++\git\dx11project\output\pdxcore\pdxcorelib\pwallandplatform.obj
d:\sc\c_c++\git\dx11project\output\pdxcore\pdxcorelib\parcball.obj
d:\sc\c_c++\git\dx11project\output\pdxcore\pdxcorelib\pdxrendertarget.obj
d:\sc\c_c++\git\dx11project\output\pdxcore\pdxcorelib\pcamera.obj
d:\sc\c_c++\git\dx11project\output\pdxcore\pdxcorelib\p2dcamera.obj
d:\sc\c_c++\git\dx11project\output\pdxcore\pdxcorelib\pdxcore.idb
d:\sc\c_c++\git\dx11project\output\pdxcore\pdxcorelib\pdxcore_ib_1.idb
d:\sc\c_c++\git\dx11project\output\pdxcore\pdxcorelib\pdxcore_ib_10.idb
d:\sc\c_c++\git\dx11project\output\pdxcore\pdxcorelib\pdxcore_ib_11.idb
d:\sc\c_c++\git\dx11project\output\pdxcore\pdxcorelib\pdxcore_ib_12.idb
d:\sc\c_c++\git\dx11project\output\pdxcore\pdxcorelib\pdxcore_ib_13.idb
d:\sc\c_c++\git\dx11project\output\pdxcore\pdxcorelib\pdxcore_ib_14.idb
d:\sc\c_c++\git\dx11project\output\pdxcore\pdxcorelib\pdxcore_ib_15.idb
d:\sc\c_c++\git\dx11project\output\pdxcore\pdxcorelib\pdxcore_ib_16.idb
d:\sc\c_c++\git\dx11project\output\pdxcore\pdxcorelib\pdxcore_ib_2.idb
d:\sc\c_c++\git\dx11project\output\pdxcore\pdxcorelib\pdxcore_ib_3.idb
d:\sc\c_c++\git\dx11project\output\pdxcore\pdxcorelib\pdxcore_ib_4.idb
d:\sc\c_c++\git\dx11project\output\pdxcore\pdxcorelib\pdxcore_ib_5.idb
d:\sc\c_c++\git\dx11project\output\pdxcore\pdxcorelib\pdxcore_ib_6.idb
d:\sc\c_c++\git\dx11project\output\pdxcore\pdxcorelib\pdxcore_ib_7.idb
d:\sc\c_c++\git\dx11project\output\pdxcore\pdxcorelib\pdxcore_ib_8.idb
d:\sc\c_c++\git\dx11project\output\pdxcore\pdxcorelib\pdxcore_ib_9.idb
d:\sc\c_c++\git\dx11project\output\pdxcore\pdxcorelib\pdxcore.pdb
d:\sc\c_c++\git\dx11project\output\pdxcore\pdxcorelib\pdxcore_ib_1.pdb
d:\sc\c_c++\git\dx11project\output\pdxcore\pdxcorelib\pdxcore_ib_10.pdb
d:\sc\c_c++\git\dx11project\output\pdxcore\pdxcorelib\pdxcore_ib_11.pdb
d:\sc\c_c++\git\dx11project\output\pdxcore\pdxcorelib\pdxcore_ib_12.pdb
d:\sc\c_c++\git\dx11project\output\pdxcore\pdxcorelib\pdxcore_ib_13.pdb
d:\sc\c_c++\git\dx11project\output\pdxcore\pdxcorelib\pdxcore_ib_14.pdb
d:\sc\c_c++\git\dx11project\output\pdxcore\pdxcorelib\pdxcore_ib_15.pdb
d:\sc\c_c++\git\dx11project\output\pdxcore\pdxcorelib\pdxcore_ib_16.pdb
d:\sc\c_c++\git\dx11project\output\pdxcore\pdxcorelib\pdxcore_ib_2.pdb
d:\sc\c_c++\git\dx11project\output\pdxcore\pdxcorelib\pdxcore_ib_3.pdb
d:\sc\c_c++\git\dx11project\output\pdxcore\pdxcorelib\pdxcore_ib_4.pdb
d:\sc\c_c++\git\dx11project\output\pdxcore\pdxcorelib\pdxcore_ib_5.pdb
d:\sc\c_c++\git\dx11project\output\pdxcore\pdxcorelib\pdxcore_ib_6.pdb
d:\sc\c_c++\git\dx11project\output\pdxcore\pdxcorelib\pdxcore_ib_7.pdb
d:\sc\c_c++\git\dx11project\output\pdxcore\pdxcorelib\pdxcore_ib_8.pdb
d:\sc\c_c++\git\dx11project\output\pdxcore\pdxcorelib\pdxcore_ib_9.pdb
d:\sc\c_c++\git\dx11project\output\pdxcore\pdxcorelib\pdxcore.tlog\cl.command.1.tlog
d:\sc\c_c++\git\dx11project\output\pdxcore\pdxcorelib\pdxcore.tlog\cl.read.1.tlog
d:\sc\c_c++\git\dx11project\output\pdxcore\pdxcorelib\pdxcore.tlog\cl.write.1.tlog
d:\sc\c_c++\git\dx11project\output\pdxcore\pdxcorelib\pdxcore.tlog\lib-link.read.1.tlog
d:\sc\c_c++\git\dx11project\output\pdxcore\pdxcorelib\pdxcore.tlog\lib-link.write.1.tlog
d:\sc\c_c++\git\dx11project\output\pdxcore\pdxcorelib\pdxcore.tlog\lib.command.1.tlog
