C:\Program Files (x86)\Microsoft Visual Studio\2019\Community\MSBuild\Microsoft\VC\v160\Microsoft.CppBuild.targets(437,5): warning MSB8004: Intermediate Directory does not end with a trailing slash.  This build instance will add the slash as it is required to allow proper evaluation of the Intermediate Directory.
  Sample.cpp
D:\SC\C_C++\Git\DX11Project\PDxProjects\CreateDevice\Sample.cpp(98,63): warning C4244:  '인수': 'float'에서 'UINT'(으)로 변환하면서 데이터가 손실될 수 있습니다.
D:\SC\C_C++\Git\DX11Project\PDxProjects\CreateDevice\Sample.cpp(98,37): warning C4244:  '인수': 'float'에서 'UINT'(으)로 변환하면서 데이터가 손실될 수 있습니다.
D:\SC\C_C++\Git\DX11Project\PDxProjects\CreateDevice\Sample.cpp(99,65): warning C4244:  '인수': 'float'에서 'UINT'(으)로 변환하면서 데이터가 손실될 수 있습니다.
D:\SC\C_C++\Git\DX11Project\PDxProjects\CreateDevice\Sample.cpp(99,39): warning C4244:  '인수': 'float'에서 'UINT'(으)로 변환하면서 데이터가 손실될 수 있습니다.
C:\Program Files (x86)\Microsoft Visual Studio\2019\Community\VC\Tools\MSVC\14.21.27702\include\xstring(2308,23): warning C4244:  '인수': 'wchar_t'에서 'const _Elem'(으)로 변환하면서 데이터가 손실될 수 있습니다.
C:\Program Files (x86)\Microsoft Visual Studio\2019\Community\VC\Tools\MSVC\14.21.27702\include\xstring(2308,23): warning C4244:         with
C:\Program Files (x86)\Microsoft Visual Studio\2019\Community\VC\Tools\MSVC\14.21.27702\include\xstring(2308,23): warning C4244:         [
C:\Program Files (x86)\Microsoft Visual Studio\2019\Community\VC\Tools\MSVC\14.21.27702\include\xstring(2308,23): warning C4244:             _Elem=char
C:\Program Files (x86)\Microsoft Visual Studio\2019\Community\VC\Tools\MSVC\14.21.27702\include\xstring(2308,23): warning C4244:         ]
C:\Program Files (x86)\Microsoft Visual Studio\2019\Community\VC\Tools\MSVC\14.21.27702\include\xstring(2319): message :  컴파일되는 함수 템플릿 인스턴스화 'void std::basic_string<char,std::char_traits<char>,std::allocator<char>>::_Construct<wchar_t*>(_Iter,const _Iter,std::input_iterator_tag)'에 대한 참조를 확인하세요.
C:\Program Files (x86)\Microsoft Visual Studio\2019\Community\VC\Tools\MSVC\14.21.27702\include\xstring(2319): message :         with
C:\Program Files (x86)\Microsoft Visual Studio\2019\Community\VC\Tools\MSVC\14.21.27702\include\xstring(2319): message :         [
C:\Program Files (x86)\Microsoft Visual Studio\2019\Community\VC\Tools\MSVC\14.21.27702\include\xstring(2319): message :             _Iter=wchar_t *
C:\Program Files (x86)\Microsoft Visual Studio\2019\Community\VC\Tools\MSVC\14.21.27702\include\xstring(2319): message :         ]
C:\Program Files (x86)\Microsoft Visual Studio\2019\Community\VC\Tools\MSVC\14.21.27702\include\xstring(2319): message :  컴파일되는 함수 템플릿 인스턴스화 'void std::basic_string<char,std::char_traits<char>,std::allocator<char>>::_Construct<wchar_t*>(_Iter,const _Iter,std::input_iterator_tag)'에 대한 참조를 확인하세요.
C:\Program Files (x86)\Microsoft Visual Studio\2019\Community\VC\Tools\MSVC\14.21.27702\include\xstring(2319): message :         with
C:\Program Files (x86)\Microsoft Visual Studio\2019\Community\VC\Tools\MSVC\14.21.27702\include\xstring(2319): message :         [
C:\Program Files (x86)\Microsoft Visual Studio\2019\Community\VC\Tools\MSVC\14.21.27702\include\xstring(2319): message :             _Iter=wchar_t *
C:\Program Files (x86)\Microsoft Visual Studio\2019\Community\VC\Tools\MSVC\14.21.27702\include\xstring(2319): message :         ]
C:\Program Files (x86)\Microsoft Visual Studio\2019\Community\VC\Tools\MSVC\14.21.27702\include\xstring(2299): message :  컴파일되는 함수 템플릿 인스턴스화 'void std::basic_string<char,std::char_traits<char>,std::allocator<char>>::_Construct<wchar_t*>(const _Iter,const _Iter,std::forward_iterator_tag)'에 대한 참조를 확인하세요.
C:\Program Files (x86)\Microsoft Visual Studio\2019\Community\VC\Tools\MSVC\14.21.27702\include\xstring(2299): message :         with
C:\Program Files (x86)\Microsoft Visual Studio\2019\Community\VC\Tools\MSVC\14.21.27702\include\xstring(2299): message :         [
C:\Program Files (x86)\Microsoft Visual Studio\2019\Community\VC\Tools\MSVC\14.21.27702\include\xstring(2299): message :             _Iter=wchar_t *
C:\Program Files (x86)\Microsoft Visual Studio\2019\Community\VC\Tools\MSVC\14.21.27702\include\xstring(2299): message :         ]
C:\Program Files (x86)\Microsoft Visual Studio\2019\Community\VC\Tools\MSVC\14.21.27702\include\xstring(2299): message :  컴파일되는 함수 템플릿 인스턴스화 'void std::basic_string<char,std::char_traits<char>,std::allocator<char>>::_Construct<wchar_t*>(const _Iter,const _Iter,std::forward_iterator_tag)'에 대한 참조를 확인하세요.
C:\Program Files (x86)\Microsoft Visual Studio\2019\Community\VC\Tools\MSVC\14.21.27702\include\xstring(2299): message :         with
C:\Program Files (x86)\Microsoft Visual Studio\2019\Community\VC\Tools\MSVC\14.21.27702\include\xstring(2299): message :         [
C:\Program Files (x86)\Microsoft Visual Studio\2019\Community\VC\Tools\MSVC\14.21.27702\include\xstring(2299): message :             _Iter=wchar_t *
C:\Program Files (x86)\Microsoft Visual Studio\2019\Community\VC\Tools\MSVC\14.21.27702\include\xstring(2299): message :         ]
D:\SC\C_C++\Git\DX11Project\include\PDxCore\PStd.h(45): message :  컴파일되는 함수 템플릿 인스턴스화 'std::basic_string<char,std::char_traits<char>,std::allocator<char>>::basic_string<std::_String_iterator<std::_String_val<std::_Simple_types<_Elem>>>,void>(_Iter,_Iter,const _Alloc &)'에 대한 참조를 확인하세요.
D:\SC\C_C++\Git\DX11Project\include\PDxCore\PStd.h(45): message :         with
D:\SC\C_C++\Git\DX11Project\include\PDxCore\PStd.h(45): message :         [
D:\SC\C_C++\Git\DX11Project\include\PDxCore\PStd.h(45): message :             _Elem=wchar_t,
D:\SC\C_C++\Git\DX11Project\include\PDxCore\PStd.h(45): message :             _Iter=std::_String_iterator<std::_String_val<std::_Simple_types<wchar_t>>>,
D:\SC\C_C++\Git\DX11Project\include\PDxCore\PStd.h(45): message :             _Alloc=std::allocator<char>
D:\SC\C_C++\Git\DX11Project\include\PDxCore\PStd.h(45): message :         ]
D:\SC\C_C++\Git\DX11Project\include\PDxCore\PStd.h(45): message :  컴파일되는 함수 템플릿 인스턴스화 'std::basic_string<char,std::char_traits<char>,std::allocator<char>>::basic_string<std::_String_iterator<std::_String_val<std::_Simple_types<_Elem>>>,void>(_Iter,_Iter,const _Alloc &)'에 대한 참조를 확인하세요.
D:\SC\C_C++\Git\DX11Project\include\PDxCore\PStd.h(45): message :         with
D:\SC\C_C++\Git\DX11Project\include\PDxCore\PStd.h(45): message :         [
D:\SC\C_C++\Git\DX11Project\include\PDxCore\PStd.h(45): message :             _Elem=wchar_t,
D:\SC\C_C++\Git\DX11Project\include\PDxCore\PStd.h(45): message :             _Iter=std::_String_iterator<std::_String_val<std::_Simple_types<wchar_t>>>,
D:\SC\C_C++\Git\DX11Project\include\PDxCore\PStd.h(45): message :             _Alloc=std::allocator<char>
D:\SC\C_C++\Git\DX11Project\include\PDxCore\PStd.h(45): message :         ]
  CreateDevice.vcxproj -> D:\SC\C_C++\Git\DX11Project\PDxProjects\CreateDevice\../../output/Debug/CreateDevice.exe
