d:\sc\c_c++\git\dx11project\output\pscexporter3rd.pch
d:\sc\c_c++\git\dx11project\output\vc142.pdb
d:\sc\c_c++\git\dx11project\output\vc142.idb
d:\sc\c_c++\git\dx11project\output\pch.obj
d:\sc\c_c++\git\dx11project\output\pscwriter.obj
d:\sc\c_c++\git\dx11project\output\pscexport.obj
d:\sc\c_c++\git\dx11project\output\dllmain.obj
c:\program files\autodesk\3ds max 2019\plugins\pscexporter3rd.ilk
c:\program files\autodesk\3ds max 2019\plugins\pscexporter3rd.dle
c:\program files\autodesk\3ds max 2019\plugins\pscexporter3rd.pdb
c:\program files\autodesk\3ds max 2019\plugins\pscexporter3rd.lib
c:\program files\autodesk\3ds max 2019\plugins\pscexporter3rd.exp
d:\sc\c_c++\git\dx11project\output\psctbsexport.res
d:\sc\c_c++\git\dx11project\output\pscexporter3rd.tlog\cl.command.1.tlog
d:\sc\c_c++\git\dx11project\output\pscexporter3rd.tlog\cl.read.1.tlog
d:\sc\c_c++\git\dx11project\output\pscexporter3rd.tlog\cl.write.1.tlog
d:\sc\c_c++\git\dx11project\output\pscexporter3rd.tlog\link.command.1.tlog
d:\sc\c_c++\git\dx11project\output\pscexporter3rd.tlog\link.read.1.tlog
d:\sc\c_c++\git\dx11project\output\pscexporter3rd.tlog\link.write.1.tlog
d:\sc\c_c++\git\dx11project\output\pscexporter3rd.tlog\pscexporter3rd.write.1u.tlog
d:\sc\c_c++\git\dx11project\output\pscexporter3rd.tlog\rc.command.1.tlog
d:\sc\c_c++\git\dx11project\output\pscexporter3rd.tlog\rc.read.1.tlog
d:\sc\c_c++\git\dx11project\output\pscexporter3rd.tlog\rc.write.1.tlog
