d:\sc\c_c++\git\dx11project\output\pikcingray\vc142.pdb
d:\sc\c_c++\git\dx11project\output\pikcingray\vc142.idb
d:\sc\c_c++\git\dx11project\output\pikcingray\sample.obj
d:\sc\c_c++\git\dx11project\output\pikcingray\pquadtree.obj
d:\sc\c_c++\git\dx11project\output\pikcingray\pnode.obj
d:\sc\c_c++\git\dx11project\output\pikcingray\../../output/pickingray.pdb
d:\sc\c_c++\git\dx11project\output\pikcingray\pickingray.tlog\cl.command.1.tlog
d:\sc\c_c++\git\dx11project\output\pikcingray\pickingray.tlog\cl.read.1.tlog
d:\sc\c_c++\git\dx11project\output\pikcingray\pickingray.tlog\cl.write.1.tlog
d:\sc\c_c++\git\dx11project\output\pikcingray\pickingray.tlog\link.12240.read.1.tlog
d:\sc\c_c++\git\dx11project\output\pikcingray\pickingray.tlog\link.12240.write.1.tlog
d:\sc\c_c++\git\dx11project\output\pikcingray\pickingray.tlog\link.3772.read.1.tlog
d:\sc\c_c++\git\dx11project\output\pikcingray\pickingray.tlog\link.3772.write.1.tlog
d:\sc\c_c++\git\dx11project\output\pikcingray\pickingray.tlog\link.5000.12256.read.1.tlog
d:\sc\c_c++\git\dx11project\output\pikcingray\pickingray.tlog\link.5000.12256.write.1.tlog
d:\sc\c_c++\git\dx11project\output\pikcingray\pickingray.tlog\link.5000.read.1.tlog
d:\sc\c_c++\git\dx11project\output\pikcingray\pickingray.tlog\link.5000.write.1.tlog
d:\sc\c_c++\git\dx11project\output\pikcingray\pickingray.tlog\link.command.1.tlog
d:\sc\c_c++\git\dx11project\output\pikcingray\pickingray.tlog\link.read.1.tlog
d:\sc\c_c++\git\dx11project\output\pikcingray\pickingray.tlog\link.write.1.tlog
