C:\Program Files (x86)\Microsoft Visual Studio\2019\Community\MSBuild\Microsoft\VC\v160\Microsoft.CppBuild.targets(437,5): warning MSB8004: Intermediate Directory does not end with a trailing slash.  This build instance will add the slash as it is required to allow proper evaluation of the Intermediate Directory.
  pch.cpp
D:\SC\C_C++\Git\DX11Project\dx\include\dxgitype.h(12,1): warning C4005:  'DXGI_STATUS_OCCLUDED': 매크로 재정의
C:\Program Files (x86)\Windows Kits\10\Include\10.0.17763.0\shared\winerror.h(55460): message :  'DXGI_STATUS_OCCLUDED'의 이전 정의를 참조하십시오.
D:\SC\C_C++\Git\DX11Project\dx\include\dxgitype.h(13,1): warning C4005:  'DXGI_STATUS_CLIPPED': 매크로 재정의
C:\Program Files (x86)\Windows Kits\10\Include\10.0.17763.0\shared\winerror.h(55469): message :  'DXGI_STATUS_CLIPPED'의 이전 정의를 참조하십시오.
D:\SC\C_C++\Git\DX11Project\dx\include\dxgitype.h(14,1): warning C4005:  'DXGI_STATUS_NO_REDIRECTION': 매크로 재정의
C:\Program Files (x86)\Windows Kits\10\Include\10.0.17763.0\shared\winerror.h(55478): message :  'DXGI_STATUS_NO_REDIRECTION'의 이전 정의를 참조하십시오.
D:\SC\C_C++\Git\DX11Project\dx\include\dxgitype.h(15,1): warning C4005:  'DXGI_STATUS_NO_DESKTOP_ACCESS': 매크로 재정의
C:\Program Files (x86)\Windows Kits\10\Include\10.0.17763.0\shared\winerror.h(55487): message :  'DXGI_STATUS_NO_DESKTOP_ACCESS'의 이전 정의를 참조하십시오.
D:\SC\C_C++\Git\DX11Project\dx\include\dxgitype.h(16,1): warning C4005:  'DXGI_STATUS_GRAPHICS_VIDPN_SOURCE_IN_USE': 매크로 재정의
C:\Program Files (x86)\Windows Kits\10\Include\10.0.17763.0\shared\winerror.h(55496): message :  'DXGI_STATUS_GRAPHICS_VIDPN_SOURCE_IN_USE'의 이전 정의를 참조하십시오.
D:\SC\C_C++\Git\DX11Project\dx\include\dxgitype.h(17,1): warning C4005:  'DXGI_STATUS_MODE_CHANGED': 매크로 재정의
C:\Program Files (x86)\Windows Kits\10\Include\10.0.17763.0\shared\winerror.h(55505): message :  'DXGI_STATUS_MODE_CHANGED'의 이전 정의를 참조하십시오.
D:\SC\C_C++\Git\DX11Project\dx\include\dxgitype.h(18,1): warning C4005:  'DXGI_STATUS_MODE_CHANGE_IN_PROGRESS': 매크로 재정의
C:\Program Files (x86)\Windows Kits\10\Include\10.0.17763.0\shared\winerror.h(55514): message :  'DXGI_STATUS_MODE_CHANGE_IN_PROGRESS'의 이전 정의를 참조하십시오.
D:\SC\C_C++\Git\DX11Project\dx\include\dxgitype.h(21,1): warning C4005:  'DXGI_ERROR_INVALID_CALL': 매크로 재정의
C:\Program Files (x86)\Windows Kits\10\Include\10.0.17763.0\shared\winerror.h(55529): message :  'DXGI_ERROR_INVALID_CALL'의 이전 정의를 참조하십시오.
D:\SC\C_C++\Git\DX11Project\dx\include\dxgitype.h(22,1): warning C4005:  'DXGI_ERROR_NOT_FOUND': 매크로 재정의
C:\Program Files (x86)\Windows Kits\10\Include\10.0.17763.0\shared\winerror.h(55538): message :  'DXGI_ERROR_NOT_FOUND'의 이전 정의를 참조하십시오.
D:\SC\C_C++\Git\DX11Project\dx\include\dxgitype.h(23,1): warning C4005:  'DXGI_ERROR_MORE_DATA': 매크로 재정의
C:\Program Files (x86)\Windows Kits\10\Include\10.0.17763.0\shared\winerror.h(55547): message :  'DXGI_ERROR_MORE_DATA'의 이전 정의를 참조하십시오.
D:\SC\C_C++\Git\DX11Project\dx\include\dxgitype.h(24,1): warning C4005:  'DXGI_ERROR_UNSUPPORTED': 매크로 재정의
C:\Program Files (x86)\Windows Kits\10\Include\10.0.17763.0\shared\winerror.h(55556): message :  'DXGI_ERROR_UNSUPPORTED'의 이전 정의를 참조하십시오.
D:\SC\C_C++\Git\DX11Project\dx\include\dxgitype.h(25,1): warning C4005:  'DXGI_ERROR_DEVICE_REMOVED': 매크로 재정의
C:\Program Files (x86)\Windows Kits\10\Include\10.0.17763.0\shared\winerror.h(55565): message :  'DXGI_ERROR_DEVICE_REMOVED'의 이전 정의를 참조하십시오.
D:\SC\C_C++\Git\DX11Project\dx\include\dxgitype.h(26,1): warning C4005:  'DXGI_ERROR_DEVICE_HUNG': 매크로 재정의
C:\Program Files (x86)\Windows Kits\10\Include\10.0.17763.0\shared\winerror.h(55574): message :  'DXGI_ERROR_DEVICE_HUNG'의 이전 정의를 참조하십시오.
D:\SC\C_C++\Git\DX11Project\dx\include\dxgitype.h(27,1): warning C4005:  'DXGI_ERROR_DEVICE_RESET': 매크로 재정의
C:\Program Files (x86)\Windows Kits\10\Include\10.0.17763.0\shared\winerror.h(55584): message :  'DXGI_ERROR_DEVICE_RESET'의 이전 정의를 참조하십시오.
D:\SC\C_C++\Git\DX11Project\dx\include\dxgitype.h(28,1): warning C4005:  'DXGI_ERROR_WAS_STILL_DRAWING': 매크로 재정의
C:\Program Files (x86)\Windows Kits\10\Include\10.0.17763.0\shared\winerror.h(55593): message :  'DXGI_ERROR_WAS_STILL_DRAWING'의 이전 정의를 참조하십시오.
D:\SC\C_C++\Git\DX11Project\dx\include\dxgitype.h(29,1): warning C4005:  'DXGI_ERROR_FRAME_STATISTICS_DISJOINT': 매크로 재정의
C:\Program Files (x86)\Windows Kits\10\Include\10.0.17763.0\shared\winerror.h(55603): message :  'DXGI_ERROR_FRAME_STATISTICS_DISJOINT'의 이전 정의를 참조하십시오.
D:\SC\C_C++\Git\DX11Project\dx\include\dxgitype.h(30,1): warning C4005:  'DXGI_ERROR_GRAPHICS_VIDPN_SOURCE_IN_USE': 매크로 재정의
C:\Program Files (x86)\Windows Kits\10\Include\10.0.17763.0\shared\winerror.h(55612): message :  'DXGI_ERROR_GRAPHICS_VIDPN_SOURCE_IN_USE'의 이전 정의를 참조하십시오.
D:\SC\C_C++\Git\DX11Project\dx\include\dxgitype.h(31,1): warning C4005:  'DXGI_ERROR_DRIVER_INTERNAL_ERROR': 매크로 재정의
C:\Program Files (x86)\Windows Kits\10\Include\10.0.17763.0\shared\winerror.h(55622): message :  'DXGI_ERROR_DRIVER_INTERNAL_ERROR'의 이전 정의를 참조하십시오.
D:\SC\C_C++\Git\DX11Project\dx\include\dxgitype.h(32,1): warning C4005:  'DXGI_ERROR_NONEXCLUSIVE': 매크로 재정의
C:\Program Files (x86)\Windows Kits\10\Include\10.0.17763.0\shared\winerror.h(55631): message :  'DXGI_ERROR_NONEXCLUSIVE'의 이전 정의를 참조하십시오.
D:\SC\C_C++\Git\DX11Project\dx\include\dxgitype.h(33,1): warning C4005:  'DXGI_ERROR_NOT_CURRENTLY_AVAILABLE': 매크로 재정의
C:\Program Files (x86)\Windows Kits\10\Include\10.0.17763.0\shared\winerror.h(55640): message :  'DXGI_ERROR_NOT_CURRENTLY_AVAILABLE'의 이전 정의를 참조하십시오.
D:\SC\C_C++\Git\DX11Project\dx\include\dxgitype.h(34,1): warning C4005:  'DXGI_ERROR_REMOTE_CLIENT_DISCONNECTED': 매크로 재정의
C:\Program Files (x86)\Windows Kits\10\Include\10.0.17763.0\shared\winerror.h(55650): message :  'DXGI_ERROR_REMOTE_CLIENT_DISCONNECTED'의 이전 정의를 참조하십시오.
D:\SC\C_C++\Git\DX11Project\dx\include\dxgitype.h(35,1): warning C4005:  'DXGI_ERROR_REMOTE_OUTOFMEMORY': 매크로 재정의
C:\Program Files (x86)\Windows Kits\10\Include\10.0.17763.0\shared\winerror.h(55659): message :  'DXGI_ERROR_REMOTE_OUTOFMEMORY'의 이전 정의를 참조하십시오.
D:\SC\C_C++\Git\DX11Project\dx\include\D2DErr.h(59,1): warning C4005:  'D2DERR_WRONG_STATE': 매크로 재정의
C:\Program Files (x86)\Windows Kits\10\Include\10.0.17763.0\shared\winerror.h(55988): message :  'D2DERR_WRONG_STATE'의 이전 정의를 참조하십시오.
D:\SC\C_C++\Git\DX11Project\dx\include\D2DErr.h(64,1): warning C4005:  'D2DERR_NOT_INITIALIZED': 매크로 재정의
C:\Program Files (x86)\Windows Kits\10\Include\10.0.17763.0\shared\winerror.h(55997): message :  'D2DERR_NOT_INITIALIZED'의 이전 정의를 참조하십시오.
D:\SC\C_C++\Git\DX11Project\dx\include\D2DErr.h(69,1): warning C4005:  'D2DERR_UNSUPPORTED_OPERATION': 매크로 재정의
C:\Program Files (x86)\Windows Kits\10\Include\10.0.17763.0\shared\winerror.h(56006): message :  'D2DERR_UNSUPPORTED_OPERATION'의 이전 정의를 참조하십시오.
D:\SC\C_C++\Git\DX11Project\dx\include\D2DErr.h(74,1): warning C4005:  'D2DERR_SCANNER_FAILED': 매크로 재정의
C:\Program Files (x86)\Windows Kits\10\Include\10.0.17763.0\shared\winerror.h(56015): message :  'D2DERR_SCANNER_FAILED'의 이전 정의를 참조하십시오.
D:\SC\C_C++\Git\DX11Project\dx\include\D2DErr.h(79,1): warning C4005:  'D2DERR_SCREEN_ACCESS_DENIED': 매크로 재정의
C:\Program Files (x86)\Windows Kits\10\Include\10.0.17763.0\shared\winerror.h(56024): message :  'D2DERR_SCREEN_ACCESS_DENIED'의 이전 정의를 참조하십시오.
D:\SC\C_C++\Git\DX11Project\dx\include\D2DErr.h(84,1): warning C4005:  'D2DERR_DISPLAY_STATE_INVALID': 매크로 재정의
C:\Program Files (x86)\Windows Kits\10\Include\10.0.17763.0\shared\winerror.h(56033): message :  'D2DERR_DISPLAY_STATE_INVALID'의 이전 정의를 참조하십시오.
D:\SC\C_C++\Git\DX11Project\dx\include\D2DErr.h(89,1): warning C4005:  'D2DERR_ZERO_VECTOR': 매크로 재정의
C:\Program Files (x86)\Windows Kits\10\Include\10.0.17763.0\shared\winerror.h(56042): message :  'D2DERR_ZERO_VECTOR'의 이전 정의를 참조하십시오.
D:\SC\C_C++\Git\DX11Project\dx\include\D2DErr.h(97,1): warning C4005:  'D2DERR_INTERNAL_ERROR': 매크로 재정의
C:\Program Files (x86)\Windows Kits\10\Include\10.0.17763.0\shared\winerror.h(56051): message :  'D2DERR_INTERNAL_ERROR'의 이전 정의를 참조하십시오.
D:\SC\C_C++\Git\DX11Project\dx\include\D2DErr.h(103,1): warning C4005:  'D2DERR_DISPLAY_FORMAT_NOT_SUPPORTED': 매크로 재정의
C:\Program Files (x86)\Windows Kits\10\Include\10.0.17763.0\shared\winerror.h(56060): message :  'D2DERR_DISPLAY_FORMAT_NOT_SUPPORTED'의 이전 정의를 참조하십시오.
D:\SC\C_C++\Git\DX11Project\dx\include\D2DErr.h(108,1): warning C4005:  'D2DERR_INVALID_CALL': 매크로 재정의
C:\Program Files (x86)\Windows Kits\10\Include\10.0.17763.0\shared\winerror.h(56069): message :  'D2DERR_INVALID_CALL'의 이전 정의를 참조하십시오.
D:\SC\C_C++\Git\DX11Project\dx\include\D2DErr.h(113,1): warning C4005:  'D2DERR_NO_HARDWARE_DEVICE': 매크로 재정의
C:\Program Files (x86)\Windows Kits\10\Include\10.0.17763.0\shared\winerror.h(56078): message :  'D2DERR_NO_HARDWARE_DEVICE'의 이전 정의를 참조하십시오.
D:\SC\C_C++\Git\DX11Project\dx\include\D2DErr.h(119,1): warning C4005:  'D2DERR_RECREATE_TARGET': 매크로 재정의
C:\Program Files (x86)\Windows Kits\10\Include\10.0.17763.0\shared\winerror.h(56087): message :  'D2DERR_RECREATE_TARGET'의 이전 정의를 참조하십시오.
D:\SC\C_C++\Git\DX11Project\dx\include\D2DErr.h(124,1): warning C4005:  'D2DERR_TOO_MANY_SHADER_ELEMENTS': 매크로 재정의
C:\Program Files (x86)\Windows Kits\10\Include\10.0.17763.0\shared\winerror.h(56096): message :  'D2DERR_TOO_MANY_SHADER_ELEMENTS'의 이전 정의를 참조하십시오.
D:\SC\C_C++\Git\DX11Project\dx\include\D2DErr.h(129,1): warning C4005:  'D2DERR_SHADER_COMPILE_FAILED': 매크로 재정의
C:\Program Files (x86)\Windows Kits\10\Include\10.0.17763.0\shared\winerror.h(56105): message :  'D2DERR_SHADER_COMPILE_FAILED'의 이전 정의를 참조하십시오.
D:\SC\C_C++\Git\DX11Project\dx\include\D2DErr.h(134,1): warning C4005:  'D2DERR_MAX_TEXTURE_SIZE_EXCEEDED': 매크로 재정의
C:\Program Files (x86)\Windows Kits\10\Include\10.0.17763.0\shared\winerror.h(56114): message :  'D2DERR_MAX_TEXTURE_SIZE_EXCEEDED'의 이전 정의를 참조하십시오.
D:\SC\C_C++\Git\DX11Project\dx\include\D2DErr.h(139,1): warning C4005:  'D2DERR_UNSUPPORTED_VERSION': 매크로 재정의
C:\Program Files (x86)\Windows Kits\10\Include\10.0.17763.0\shared\winerror.h(56123): message :  'D2DERR_UNSUPPORTED_VERSION'의 이전 정의를 참조하십시오.
D:\SC\C_C++\Git\DX11Project\dx\include\D2DErr.h(144,1): warning C4005:  'D2DERR_BAD_NUMBER': 매크로 재정의
C:\Program Files (x86)\Windows Kits\10\Include\10.0.17763.0\shared\winerror.h(56132): message :  'D2DERR_BAD_NUMBER'의 이전 정의를 참조하십시오.
D:\SC\C_C++\Git\DX11Project\dx\include\D2DErr.h(149,1): warning C4005:  'D2DERR_WRONG_FACTORY': 매크로 재정의
C:\Program Files (x86)\Windows Kits\10\Include\10.0.17763.0\shared\winerror.h(56141): message :  'D2DERR_WRONG_FACTORY'의 이전 정의를 참조하십시오.
D:\SC\C_C++\Git\DX11Project\dx\include\D2DErr.h(154,1): warning C4005:  'D2DERR_LAYER_ALREADY_IN_USE': 매크로 재정의
C:\Program Files (x86)\Windows Kits\10\Include\10.0.17763.0\shared\winerror.h(56150): message :  'D2DERR_LAYER_ALREADY_IN_USE'의 이전 정의를 참조하십시오.
D:\SC\C_C++\Git\DX11Project\dx\include\D2DErr.h(159,1): warning C4005:  'D2DERR_POP_CALL_DID_NOT_MATCH_PUSH': 매크로 재정의
C:\Program Files (x86)\Windows Kits\10\Include\10.0.17763.0\shared\winerror.h(56159): message :  'D2DERR_POP_CALL_DID_NOT_MATCH_PUSH'의 이전 정의를 참조하십시오.
D:\SC\C_C++\Git\DX11Project\dx\include\D2DErr.h(164,1): warning C4005:  'D2DERR_WRONG_RESOURCE_DOMAIN': 매크로 재정의
C:\Program Files (x86)\Windows Kits\10\Include\10.0.17763.0\shared\winerror.h(56168): message :  'D2DERR_WRONG_RESOURCE_DOMAIN'의 이전 정의를 참조하십시오.
D:\SC\C_C++\Git\DX11Project\dx\include\D2DErr.h(169,1): warning C4005:  'D2DERR_PUSH_POP_UNBALANCED': 매크로 재정의
C:\Program Files (x86)\Windows Kits\10\Include\10.0.17763.0\shared\winerror.h(56177): message :  'D2DERR_PUSH_POP_UNBALANCED'의 이전 정의를 참조하십시오.
D:\SC\C_C++\Git\DX11Project\dx\include\D2DErr.h(174,1): warning C4005:  'D2DERR_RENDER_TARGET_HAS_LAYER_OR_CLIPRECT': 매크로 재정의
C:\Program Files (x86)\Windows Kits\10\Include\10.0.17763.0\shared\winerror.h(56186): message :  'D2DERR_RENDER_TARGET_HAS_LAYER_OR_CLIPRECT'의 이전 정의를 참조하십시오.
D:\SC\C_C++\Git\DX11Project\dx\include\D2DErr.h(179,1): warning C4005:  'D2DERR_INCOMPATIBLE_BRUSH_TYPES': 매크로 재정의
C:\Program Files (x86)\Windows Kits\10\Include\10.0.17763.0\shared\winerror.h(56195): message :  'D2DERR_INCOMPATIBLE_BRUSH_TYPES'의 이전 정의를 참조하십시오.
D:\SC\C_C++\Git\DX11Project\dx\include\D2DErr.h(184,1): warning C4005:  'D2DERR_WIN32_ERROR': 매크로 재정의
C:\Program Files (x86)\Windows Kits\10\Include\10.0.17763.0\shared\winerror.h(56204): message :  'D2DERR_WIN32_ERROR'의 이전 정의를 참조하십시오.
D:\SC\C_C++\Git\DX11Project\dx\include\D2DErr.h(189,1): warning C4005:  'D2DERR_TARGET_NOT_GDI_COMPATIBLE': 매크로 재정의
C:\Program Files (x86)\Windows Kits\10\Include\10.0.17763.0\shared\winerror.h(56213): message :  'D2DERR_TARGET_NOT_GDI_COMPATIBLE'의 이전 정의를 참조하십시오.
D:\SC\C_C++\Git\DX11Project\dx\include\D2DErr.h(194,1): warning C4005:  'D2DERR_TEXT_EFFECT_IS_WRONG_TYPE': 매크로 재정의
C:\Program Files (x86)\Windows Kits\10\Include\10.0.17763.0\shared\winerror.h(56222): message :  'D2DERR_TEXT_EFFECT_IS_WRONG_TYPE'의 이전 정의를 참조하십시오.
D:\SC\C_C++\Git\DX11Project\dx\include\D2DErr.h(201,1): warning C4005:  'D2DERR_TEXT_RENDERER_NOT_RELEASED': 매크로 재정의
C:\Program Files (x86)\Windows Kits\10\Include\10.0.17763.0\shared\winerror.h(56231): message :  'D2DERR_TEXT_RENDERER_NOT_RELEASED'의 이전 정의를 참조하십시오.
D:\SC\C_C++\Git\DX11Project\dx\include\D2DErr.h(206,1): warning C4005:  'D2DERR_EXCEEDS_MAX_BITMAP_SIZE': 매크로 재정의
C:\Program Files (x86)\Windows Kits\10\Include\10.0.17763.0\shared\winerror.h(56240): message :  'D2DERR_EXCEEDS_MAX_BITMAP_SIZE'의 이전 정의를 참조하십시오.
D:\SC\C_C++\Git\DX11Project\dx\include\d3d10.h(608,1): warning C4005:  'D3D10_ERROR_TOO_MANY_UNIQUE_STATE_OBJECTS': 매크로 재정의
C:\Program Files (x86)\Windows Kits\10\Include\10.0.17763.0\shared\winerror.h(55899): message :  'D3D10_ERROR_TOO_MANY_UNIQUE_STATE_OBJECTS'의 이전 정의를 참조하십시오.
D:\SC\C_C++\Git\DX11Project\dx\include\d3d10.h(609,1): warning C4005:  'D3D10_ERROR_FILE_NOT_FOUND': 매크로 재정의
C:\Program Files (x86)\Windows Kits\10\Include\10.0.17763.0\shared\winerror.h(55908): message :  'D3D10_ERROR_FILE_NOT_FOUND'의 이전 정의를 참조하십시오.
D:\SC\C_C++\Git\DX11Project\dx\include\dwrite.h(4962,1): warning C4005:  'DWRITE_E_FILEFORMAT': 매크로 재정의
C:\Program Files (x86)\Windows Kits\10\Include\10.0.17763.0\shared\winerror.h(56407): message :  'DWRITE_E_FILEFORMAT'의 이전 정의를 참조하십시오.
D:\SC\C_C++\Git\DX11Project\dx\include\dwrite.h(4967,1): warning C4005:  'DWRITE_E_UNEXPECTED': 매크로 재정의
C:\Program Files (x86)\Windows Kits\10\Include\10.0.17763.0\shared\winerror.h(56416): message :  'DWRITE_E_UNEXPECTED'의 이전 정의를 참조하십시오.
D:\SC\C_C++\Git\DX11Project\dx\include\dwrite.h(4972,1): warning C4005:  'DWRITE_E_NOFONT': 매크로 재정의
C:\Program Files (x86)\Windows Kits\10\Include\10.0.17763.0\shared\winerror.h(56425): message :  'DWRITE_E_NOFONT'의 이전 정의를 참조하십시오.
D:\SC\C_C++\Git\DX11Project\dx\include\dwrite.h(4978,1): warning C4005:  'DWRITE_E_FILENOTFOUND': 매크로 재정의
C:\Program Files (x86)\Windows Kits\10\Include\10.0.17763.0\shared\winerror.h(56434): message :  'DWRITE_E_FILENOTFOUND'의 이전 정의를 참조하십시오.
D:\SC\C_C++\Git\DX11Project\dx\include\dwrite.h(4983,1): warning C4005:  'DWRITE_E_FILEACCESS': 매크로 재정의
C:\Program Files (x86)\Windows Kits\10\Include\10.0.17763.0\shared\winerror.h(56443): message :  'DWRITE_E_FILEACCESS'의 이전 정의를 참조하십시오.
D:\SC\C_C++\Git\DX11Project\dx\include\dwrite.h(4988,1): warning C4005:  'DWRITE_E_FONTCOLLECTIONOBSOLETE': 매크로 재정의
C:\Program Files (x86)\Windows Kits\10\Include\10.0.17763.0\shared\winerror.h(56452): message :  'DWRITE_E_FONTCOLLECTIONOBSOLETE'의 이전 정의를 참조하십시오.
D:\SC\C_C++\Git\DX11Project\dx\include\dwrite.h(4993,1): warning C4005:  'DWRITE_E_ALREADYREGISTERED': 매크로 재정의
C:\Program Files (x86)\Windows Kits\10\Include\10.0.17763.0\shared\winerror.h(56461): message :  'DWRITE_E_ALREADYREGISTERED'의 이전 정의를 참조하십시오.
C:\Program Files (x86)\Windows Kits\10\Include\10.0.17763.0\um\wincodec.h(8160,63): error C2061:  구문 오류: 식별자 'DXGI_JPEG_AC_HUFFMAN_TABLE'
C:\Program Files (x86)\Windows Kits\10\Include\10.0.17763.0\um\wincodec.h(8165,63): error C2061:  구문 오류: 식별자 'DXGI_JPEG_DC_HUFFMAN_TABLE'
C:\Program Files (x86)\Windows Kits\10\Include\10.0.17763.0\um\wincodec.h(8170,65): error C2061:  구문 오류: 식별자 'DXGI_JPEG_QUANTIZATION_TABLE'
C:\Program Files (x86)\Windows Kits\10\Include\10.0.17763.0\um\wincodec.h(8349,63): error C2061:  구문 오류: 식별자 'DXGI_JPEG_AC_HUFFMAN_TABLE'
C:\Program Files (x86)\Windows Kits\10\Include\10.0.17763.0\um\wincodec.h(8354,63): error C2061:  구문 오류: 식별자 'DXGI_JPEG_DC_HUFFMAN_TABLE'
C:\Program Files (x86)\Windows Kits\10\Include\10.0.17763.0\um\wincodec.h(8359,65): error C2061:  구문 오류: 식별자 'DXGI_JPEG_QUANTIZATION_TABLE'
