d:\sc\c_c++\git\dx11project\output\pscexporter\pscexporter.pch
d:\sc\c_c++\git\dx11project\output\pscexporter\vc142.pdb
d:\sc\c_c++\git\dx11project\output\pscexporter\vc142.idb
d:\sc\c_c++\git\dx11project\output\pscexporter\pch.obj
d:\sc\c_c++\git\dx11project\output\pscexporter\pscexportprac.obj
d:\sc\c_c++\git\dx11project\output\pscexporter\dllmain.obj
d:\sc\c_c++\git\dx11project\output\pscexporter\pscexporter.ilk
d:\sc\c_c++\git\dx11project\output\pscexporter\pscexporter.dll
d:\sc\c_c++\git\dx11project\output\pscexporter\pscexporter.pdb
d:\sc\c_c++\git\dx11project\output\pscexporter\pscexporter.lib
d:\sc\c_c++\git\dx11project\output\pscexporter\pscexporter.exp
c:\program files\autodesk\3ds max 2019\plugins\pscexporter.lib
c:\program files\autodesk\3ds max 2019\plugins\pscexporter.exp
c:\program files\autodesk\3ds max 2019\plugins\pscexporter.pdb
d:\sc\c_c++\git\dx11project\output\pscexporter\pscexporter.tlog\cl.command.1.tlog
d:\sc\c_c++\git\dx11project\output\pscexporter\pscexporter.tlog\cl.read.1.tlog
d:\sc\c_c++\git\dx11project\output\pscexporter\pscexporter.tlog\cl.write.1.tlog
d:\sc\c_c++\git\dx11project\output\pscexporter\pscexporter.tlog\link.command.1.tlog
d:\sc\c_c++\git\dx11project\output\pscexporter\pscexporter.tlog\link.delete.1.tlog
d:\sc\c_c++\git\dx11project\output\pscexporter\pscexporter.tlog\link.read.1.tlog
d:\sc\c_c++\git\dx11project\output\pscexporter\pscexporter.tlog\link.write.1.tlog
d:\sc\c_c++\git\dx11project\output\pscexporter\pscexporter.tlog\pscexporter.write.1u.tlog
