d:\sc\c_c++\git\dx11project\output\debug\quadtree_0\vc142.pdb
d:\sc\c_c++\git\dx11project\output\debug\quadtree_0\vc142.idb
d:\sc\c_c++\git\dx11project\output\debug\quadtree_0\sample.obj
d:\sc\c_c++\git\dx11project\output\debug\quadtree_0\plightobj.obj
d:\sc\c_c++\git\dx11project\output\debug\quadtree_0\pnode.obj
d:\sc\c_c++\git\dx11project\output\debug\quadtree_0\pquadtree.obj
d:\sc\c_c++\git\dx11project\output\debug\quadtree_0\quadtree_1.tlog\cl.command.1.tlog
d:\sc\c_c++\git\dx11project\output\debug\quadtree_0\quadtree_1.tlog\cl.read.1.tlog
d:\sc\c_c++\git\dx11project\output\debug\quadtree_0\quadtree_1.tlog\cl.write.1.tlog
d:\sc\c_c++\git\dx11project\output\debug\quadtree_0\quadtree_1.tlog\link-cvtres.read.1.tlog
d:\sc\c_c++\git\dx11project\output\debug\quadtree_0\quadtree_1.tlog\link-cvtres.write.1.tlog
d:\sc\c_c++\git\dx11project\output\debug\quadtree_0\quadtree_1.tlog\link-rc.read.1.tlog
d:\sc\c_c++\git\dx11project\output\debug\quadtree_0\quadtree_1.tlog\link-rc.write.1.tlog
d:\sc\c_c++\git\dx11project\output\debug\quadtree_0\quadtree_1.tlog\link.8244-cvtres.read.1.tlog
d:\sc\c_c++\git\dx11project\output\debug\quadtree_0\quadtree_1.tlog\link.8244-cvtres.write.1.tlog
d:\sc\c_c++\git\dx11project\output\debug\quadtree_0\quadtree_1.tlog\link.8244-rc.read.1.tlog
d:\sc\c_c++\git\dx11project\output\debug\quadtree_0\quadtree_1.tlog\link.8244-rc.write.1.tlog
d:\sc\c_c++\git\dx11project\output\debug\quadtree_0\quadtree_1.tlog\link.8244.read.1.tlog
d:\sc\c_c++\git\dx11project\output\debug\quadtree_0\quadtree_1.tlog\link.8244.write.1.tlog
d:\sc\c_c++\git\dx11project\output\debug\quadtree_0\quadtree_1.tlog\link.command.1.tlog
d:\sc\c_c++\git\dx11project\output\debug\quadtree_0\quadtree_1.tlog\link.read.1.tlog
d:\sc\c_c++\git\dx11project\output\debug\quadtree_0\quadtree_1.tlog\link.write.1.tlog
