d:\sc\c_c++\git\dx11project\output\psc_tbsexporter\psc_tbsexporter.pch
d:\sc\c_c++\git\dx11project\output\psc_tbsexporter\vc142.pdb
d:\sc\c_c++\git\dx11project\output\psc_tbsexporter\vc142.idb
d:\sc\c_c++\git\dx11project\output\psc_tbsexporter\pch.obj
d:\sc\c_c++\git\dx11project\output\psc_tbsexporter\tbsexport.obj
d:\sc\c_c++\git\dx11project\output\psc_tbsexporter\pskinexp.obj
d:\sc\c_c++\git\dx11project\output\psc_tbsexporter\pscwriter.obj
d:\sc\c_c++\git\dx11project\output\psc_tbsexporter\dllmain.obj
c:\program files\autodesk\3ds max 2019\plugins\psc_tbsexporter.dlu
c:\program files\autodesk\3ds max 2019\plugins\psc_tbsexporter.ilk
c:\program files\autodesk\3ds max 2019\plugins\psc_tbsexporter.pdb
c:\program files\autodesk\3ds max 2019\plugins\psc_tbsexporter.lib
c:\program files\autodesk\3ds max 2019\plugins\psc_tbsexporter.exp
d:\sc\c_c++\git\dx11project\output\psc_tbsexporter\psctbsexport.res
d:\sc\c_c++\git\dx11project\output\psc_tbsexporter\psc_tbsexporter.tlog\cl.command.1.tlog
d:\sc\c_c++\git\dx11project\output\psc_tbsexporter\psc_tbsexporter.tlog\cl.read.1.tlog
d:\sc\c_c++\git\dx11project\output\psc_tbsexporter\psc_tbsexporter.tlog\cl.write.1.tlog
d:\sc\c_c++\git\dx11project\output\psc_tbsexporter\psc_tbsexporter.tlog\link.command.1.tlog
d:\sc\c_c++\git\dx11project\output\psc_tbsexporter\psc_tbsexporter.tlog\link.read.1.tlog
d:\sc\c_c++\git\dx11project\output\psc_tbsexporter\psc_tbsexporter.tlog\link.write.1.tlog
d:\sc\c_c++\git\dx11project\output\psc_tbsexporter\psc_tbsexporter.tlog\psc_tbsexporter.write.1u.tlog
d:\sc\c_c++\git\dx11project\output\psc_tbsexporter\psc_tbsexporter.tlog\rc.command.1.tlog
d:\sc\c_c++\git\dx11project\output\psc_tbsexporter\psc_tbsexporter.tlog\rc.read.1.tlog
d:\sc\c_c++\git\dx11project\output\psc_tbsexporter\psc_tbsexporter.tlog\rc.write.1.tlog
