d:\sc\c_c++\git\dx11project\output\release\vc142.pdb
d:\sc\c_c++\git\dx11project\output\release\propertieswnd.obj
d:\sc\c_c++\git\dx11project\output\release\ptoolview.obj
d:\sc\c_c++\git\dx11project\output\release\ptoolpane.obj
d:\sc\c_c++\git\dx11project\output\release\ptoolform.obj
d:\sc\c_c++\git\dx11project\output\release\ptooldoc.obj
d:\sc\c_c++\git\dx11project\output\release\ptoolcore.obj
d:\sc\c_c++\git\dx11project\output\release\ptool.obj
d:\sc\c_c++\git\dx11project\output\release\peffectobject.obj
d:\sc\c_c++\git\dx11project\output\release\pcreateplanedlg.obj
d:\sc\c_c++\git\dx11project\output\release\mainfrm.obj
d:\sc\c_c++\git\dx11project\output\release\ptool.pch
d:\sc\c_c++\git\dx11project\output\release\pch.obj
d:\sc\c_c++\git\dx11project\output\release\pskmobj.obj
d:\sc\c_c++\git\dx11project\output\release\pmatobj.obj
d:\sc\c_c++\git\dx11project\output\release\pkgcobj.obj
d:\sc\c_c++\git\dx11project\output\release\ptool\ptool.exe
d:\sc\c_c++\git\dx11project\output\release\ptool\ptool.pdb
d:\sc\c_c++\git\dx11project\output\release\ptool\ptool.ipdb
d:\sc\c_c++\git\dx11project\output\release\ptool\ptool.iobj
d:\sc\c_c++\git\dx11project\output\release\ptool.res
d:\sc\c_c++\git\dx11project\output\release\../../output/release/ptool\ptool.pdb
d:\sc\c_c++\git\dx11project\pdxprojects\ptool\../../output/release/ptool\ptool.exe
d:\sc\c_c++\git\dx11project\output\release\ptool.tlog\cl.command.1.tlog
d:\sc\c_c++\git\dx11project\output\release\ptool.tlog\cl.read.1.tlog
d:\sc\c_c++\git\dx11project\output\release\ptool.tlog\cl.write.1.tlog
d:\sc\c_c++\git\dx11project\output\release\ptool.tlog\link.command.1.tlog
d:\sc\c_c++\git\dx11project\output\release\ptool.tlog\link.delete.1.tlog
d:\sc\c_c++\git\dx11project\output\release\ptool.tlog\link.read.1.tlog
d:\sc\c_c++\git\dx11project\output\release\ptool.tlog\link.write.1.tlog
d:\sc\c_c++\git\dx11project\output\release\ptool.tlog\ptool.write.1u.tlog
d:\sc\c_c++\git\dx11project\output\release\ptool.tlog\rc.command.1.tlog
d:\sc\c_c++\git\dx11project\output\release\ptool.tlog\rc.read.1.tlog
d:\sc\c_c++\git\dx11project\output\release\ptool.tlog\rc.write.1.tlog
